<?xml version="1.0" encoding="UTF-8"?>
<!-- Generated by org.testng.reporters.JUnitXMLReporter -->
<testsuite ignored="0" hostname="LAPTOP-5ECPRD78" failures="0" tests="3" name="Default test" time="0.062" errors="0" timestamp="2020-02-17T23:17:56 CET">
  <testcase classname="testpackage.day6" name="setData" time="0.01"/>
  <testcase classname="testpackage.day6" name="setData" time="0.002"/>
  <testcase classname="testpackage.day6" name="setData" time="0.001"/>
</testsuite> <!-- Default test -->
