<?xml version="1.0" encoding="UTF-8"?>
<!-- Generated by org.testng.reporters.JUnitXMLReporter -->
<testsuite ignored="0" hostname="LAPTOP-5ECPRD78" failures="0" tests="3" name="Home Loan" time="0.03" errors="0" timestamp="2020-02-17T21:36:17 CET">
  <testcase classname="testpackage.day3" name="HomeLoanmobilelogin" time="0.003"/>
  <testcase classname="testpackage.day3" name="HomeLoanweblogin" time="0.003"/>
  <testcase classname="testpackage.day4" name="HomeLoanInterestcalculator" time="0.002"/>
</testsuite> <!-- Home Loan -->
