<?xml version="1.0" encoding="UTF-8"?>
<!-- Generated by org.testng.reporters.JUnitXMLReporter -->
<testsuite ignored="0" hostname="LAPTOP-5ECPRD78" failures="0" tests="3" name="Personal Loan" time="0.062" errors="0" timestamp="2020-02-17T21:36:17 CET">
  <testcase classname="testpackage.day1" name="PersonalLoanmobilelogin" time="0.008"/>
  <testcase classname="testpackage.day1" name="PersonalLoanweblogin" time="0.003"/>
  <testcase classname="testpackage.day2" name="PersonalLoanInterestcalculator" time="0.005"/>
</testsuite> <!-- Personal Loan -->
