<?xml version="1.0" encoding="UTF-8"?>
<testng-results ignored="0" total="1" passed="1" failed="0" skipped="0">
  <reporter-output>
  </reporter-output>
  <suite started-at="2020-02-22T18:36:14 CET" name="Test" finished-at="2020-02-22T18:36:19 CET" duration-ms="5101">
    <groups>
    </groups>
    <test started-at="2020-02-22T18:36:14 CET" name="Test02" finished-at="2020-02-22T18:36:19 CET" duration-ms="5101">
      <class name="testpackage.day7">
        <test-method signature="Starttest()[pri:0, instance:testpackage.day7@3bb9a3ff]" started-at="2020-02-22T18:36:14 CET" name="Starttest" finished-at="2020-02-22T18:36:19 CET" duration-ms="5050" status="PASS">
          <reporter-output>
          </reporter-output>
        </test-method> <!-- Starttest -->
      </class> <!-- testpackage.day7 -->
    </test> <!-- Test02 -->
  </suite> <!-- Test -->
</testng-results>
